[11188:25520:1127/000114.419:INFO:CONSOLE(196)] "The AudioContext was not allowed to start. It must be resumed (or created) after a user gesture on the page. https://goo.gl/7K7WLu", source: https://static.xx.fbcdn.net/rsrc.php/v3/yj/r/EXzzL3XuNJu.js?_nc_x=Han_2RmaZuV (196)
[11188:25520:1127/000136.348:INFO:CONSOLE(321)] "
%cStop! font-family:helvetica; font-size:20px; font-size:50px; font-weight:bold; color:red; -webkit-text-stroke:1px black;", source: https://static.xx.fbcdn.net/rsrc.php/v3/yY/r/0oK8vxwNu8I.js?_nc_x=Han_2RmaZuV (321)
[11188:25520:1127/000136.348:INFO:CONSOLE(321)] "
%cThis is a browser feature intended for developers. If someone told you to copy and paste something here to enable a Facebook feature or "hack" someone's account, it is a scam and will give them access to your Facebook account. font-family:helvetica; font-size:20px; ", source: https://static.xx.fbcdn.net/rsrc.php/v3/yY/r/0oK8vxwNu8I.js?_nc_x=Han_2RmaZuV (321)
[11188:25520:1127/000136.349:INFO:CONSOLE(321)] "
%cSee https://www.facebook.com/selfxss for more information. font-family:helvetica; font-size:20px; ", source: https://static.xx.fbcdn.net/rsrc.php/v3/yY/r/0oK8vxwNu8I.js?_nc_x=Han_2RmaZuV (321)
[11188:25520:1127/000136.349:INFO:CONSOLE(321)] "
%c ", source: https://static.xx.fbcdn.net/rsrc.php/v3/yY/r/0oK8vxwNu8I.js?_nc_x=Han_2RmaZuV (321)
[11188:25520:1127/000601.791:INFO:CONSOLE(321)] "
%cStop! font-family:helvetica; font-size:20px; font-size:50px; font-weight:bold; color:red; -webkit-text-stroke:1px black;", source: https://static.xx.fbcdn.net/rsrc.php/v3/yY/r/0oK8vxwNu8I.js?_nc_x=Han_2RmaZuV (321)
[11188:25520:1127/000601.791:INFO:CONSOLE(321)] "
%cThis is a browser feature intended for developers. If someone told you to copy and paste something here to enable a Facebook feature or "hack" someone's account, it is a scam and will give them access to your Facebook account. font-family:helvetica; font-size:20px; ", source: https://static.xx.fbcdn.net/rsrc.php/v3/yY/r/0oK8vxwNu8I.js?_nc_x=Han_2RmaZuV (321)
[11188:25520:1127/000601.791:INFO:CONSOLE(321)] "
%cSee https://www.facebook.com/selfxss for more information. font-family:helvetica; font-size:20px; ", source: https://static.xx.fbcdn.net/rsrc.php/v3/yY/r/0oK8vxwNu8I.js?_nc_x=Han_2RmaZuV (321)
[11188:25520:1127/000601.791:INFO:CONSOLE(321)] "
%c ", source: https://static.xx.fbcdn.net/rsrc.php/v3/yY/r/0oK8vxwNu8I.js?_nc_x=Han_2RmaZuV (321)
[11188:25520:1127/000710.871:INFO:CONSOLE(321)] "
%cStop! font-family:helvetica; font-size:20px; font-size:50px; font-weight:bold; color:red; -webkit-text-stroke:1px black;", source: https://static.xx.fbcdn.net/rsrc.php/v3/yY/r/0oK8vxwNu8I.js?_nc_x=Han_2RmaZuV (321)
[11188:25520:1127/000710.871:INFO:CONSOLE(321)] "
%cThis is a browser feature intended for developers. If someone told you to copy and paste something here to enable a Facebook feature or "hack" someone's account, it is a scam and will give them access to your Facebook account. font-family:helvetica; font-size:20px; ", source: https://static.xx.fbcdn.net/rsrc.php/v3/yY/r/0oK8vxwNu8I.js?_nc_x=Han_2RmaZuV (321)
[11188:25520:1127/000710.872:INFO:CONSOLE(321)] "
%cSee https://www.facebook.com/selfxss for more information. font-family:helvetica; font-size:20px; ", source: https://static.xx.fbcdn.net/rsrc.php/v3/yY/r/0oK8vxwNu8I.js?_nc_x=Han_2RmaZuV (321)
[11188:25520:1127/000710.872:INFO:CONSOLE(321)] "
%c ", source: https://static.xx.fbcdn.net/rsrc.php/v3/yY/r/0oK8vxwNu8I.js?_nc_x=Han_2RmaZuV (321)
[11188:25520:1127/000853.563:INFO:CONSOLE(321)] "
%cStop! font-family:helvetica; font-size:20px; font-size:50px; font-weight:bold; color:red; -webkit-text-stroke:1px black;", source: https://static.xx.fbcdn.net/rsrc.php/v3/yY/r/0oK8vxwNu8I.js?_nc_x=Han_2RmaZuV (321)
[11188:25520:1127/000853.563:INFO:CONSOLE(321)] "
%cThis is a browser feature intended for developers. If someone told you to copy and paste something here to enable a Facebook feature or "hack" someone's account, it is a scam and will give them access to your Facebook account. font-family:helvetica; font-size:20px; ", source: https://static.xx.fbcdn.net/rsrc.php/v3/yY/r/0oK8vxwNu8I.js?_nc_x=Han_2RmaZuV (321)
[11188:25520:1127/000853.563:INFO:CONSOLE(321)] "
%cSee https://www.facebook.com/selfxss for more information. font-family:helvetica; font-size:20px; ", source: https://static.xx.fbcdn.net/rsrc.php/v3/yY/r/0oK8vxwNu8I.js?_nc_x=Han_2RmaZuV (321)
[11188:25520:1127/000853.563:INFO:CONSOLE(321)] "
%c ", source: https://static.xx.fbcdn.net/rsrc.php/v3/yY/r/0oK8vxwNu8I.js?_nc_x=Han_2RmaZuV (321)
[11188:25520:1127/001050.876:INFO:CONSOLE(321)] "
%cStop! font-family:helvetica; font-size:20px; font-size:50px; font-weight:bold; color:red; -webkit-text-stroke:1px black;", source: https://static.xx.fbcdn.net/rsrc.php/v3/yY/r/0oK8vxwNu8I.js?_nc_x=Han_2RmaZuV (321)
[11188:25520:1127/001050.876:INFO:CONSOLE(321)] "
%cThis is a browser feature intended for developers. If someone told you to copy and paste something here to enable a Facebook feature or "hack" someone's account, it is a scam and will give them access to your Facebook account. font-family:helvetica; font-size:20px; ", source: https://static.xx.fbcdn.net/rsrc.php/v3/yY/r/0oK8vxwNu8I.js?_nc_x=Han_2RmaZuV (321)
[11188:25520:1127/001050.876:INFO:CONSOLE(321)] "
%cSee https://www.facebook.com/selfxss for more information. font-family:helvetica; font-size:20px; ", source: https://static.xx.fbcdn.net/rsrc.php/v3/yY/r/0oK8vxwNu8I.js?_nc_x=Han_2RmaZuV (321)
[11188:25520:1127/001050.876:INFO:CONSOLE(321)] "
%c ", source: https://static.xx.fbcdn.net/rsrc.php/v3/yY/r/0oK8vxwNu8I.js?_nc_x=Han_2RmaZuV (321)
[11188:25520:1127/001308.932:INFO:CONSOLE(321)] "
%cStop! font-family:helvetica; font-size:20px; font-size:50px; font-weight:bold; color:red; -webkit-text-stroke:1px black;", source: https://static.xx.fbcdn.net/rsrc.php/v3/yY/r/0oK8vxwNu8I.js?_nc_x=Han_2RmaZuV (321)
[11188:25520:1127/001308.932:INFO:CONSOLE(321)] "
%cThis is a browser feature intended for developers. If someone told you to copy and paste something here to enable a Facebook feature or "hack" someone's account, it is a scam and will give them access to your Facebook account. font-family:helvetica; font-size:20px; ", source: https://static.xx.fbcdn.net/rsrc.php/v3/yY/r/0oK8vxwNu8I.js?_nc_x=Han_2RmaZuV (321)
[11188:25520:1127/001308.933:INFO:CONSOLE(321)] "
%cSee https://www.facebook.com/selfxss for more information. font-family:helvetica; font-size:20px; ", source: https://static.xx.fbcdn.net/rsrc.php/v3/yY/r/0oK8vxwNu8I.js?_nc_x=Han_2RmaZuV (321)
[11188:25520:1127/001308.933:INFO:CONSOLE(321)] "
%c ", source: https://static.xx.fbcdn.net/rsrc.php/v3/yY/r/0oK8vxwNu8I.js?_nc_x=Han_2RmaZuV (321)
[11188:25520:1127/002310.933:INFO:CONSOLE(321)] "
%cStop! font-family:helvetica; font-size:20px; font-size:50px; font-weight:bold; color:red; -webkit-text-stroke:1px black;", source: https://static.xx.fbcdn.net/rsrc.php/v3/yY/r/0oK8vxwNu8I.js?_nc_x=Han_2RmaZuV (321)
[11188:25520:1127/002310.933:INFO:CONSOLE(321)] "
%cThis is a browser feature intended for developers. If someone told you to copy and paste something here to enable a Facebook feature or "hack" someone's account, it is a scam and will give them access to your Facebook account. font-family:helvetica; font-size:20px; ", source: https://static.xx.fbcdn.net/rsrc.php/v3/yY/r/0oK8vxwNu8I.js?_nc_x=Han_2RmaZuV (321)
[11188:25520:1127/002310.933:INFO:CONSOLE(321)] "
%cSee https://www.facebook.com/selfxss for more information. font-family:helvetica; font-size:20px; ", source: https://static.xx.fbcdn.net/rsrc.php/v3/yY/r/0oK8vxwNu8I.js?_nc_x=Han_2RmaZuV (321)
[11188:25520:1127/002310.933:INFO:CONSOLE(321)] "
%c ", source: https://static.xx.fbcdn.net/rsrc.php/v3/yY/r/0oK8vxwNu8I.js?_nc_x=Han_2RmaZuV (321)
[11188:25520:1127/005636.543:INFO:CONSOLE(321)] "
%cStop! font-family:helvetica; font-size:20px; font-size:50px; font-weight:bold; color:red; -webkit-text-stroke:1px black;", source: https://static.xx.fbcdn.net/rsrc.php/v3/yY/r/0oK8vxwNu8I.js?_nc_x=Han_2RmaZuV (321)
[11188:25520:1127/005636.543:INFO:CONSOLE(321)] "
%cThis is a browser feature intended for developers. If someone told you to copy and paste something here to enable a Facebook feature or "hack" someone's account, it is a scam and will give them access to your Facebook account. font-family:helvetica; font-size:20px; ", source: https://static.xx.fbcdn.net/rsrc.php/v3/yY/r/0oK8vxwNu8I.js?_nc_x=Han_2RmaZuV (321)
[11188:25520:1127/005636.544:INFO:CONSOLE(321)] "
%cSee https://www.facebook.com/selfxss for more information. font-family:helvetica; font-size:20px; ", source: https://static.xx.fbcdn.net/rsrc.php/v3/yY/r/0oK8vxwNu8I.js?_nc_x=Han_2RmaZuV (321)
[11188:25520:1127/005636.544:INFO:CONSOLE(321)] "
%c ", source: https://static.xx.fbcdn.net/rsrc.php/v3/yY/r/0oK8vxwNu8I.js?_nc_x=Han_2RmaZuV (321)
[11188:25520:1127/010639.051:INFO:CONSOLE(321)] "
%cStop! font-family:helvetica; font-size:20px; font-size:50px; font-weight:bold; color:red; -webkit-text-stroke:1px black;", source: https://static.xx.fbcdn.net/rsrc.php/v3/yY/r/0oK8vxwNu8I.js?_nc_x=Han_2RmaZuV (321)
[11188:25520:1127/010639.051:INFO:CONSOLE(321)] "
%cThis is a browser feature intended for developers. If someone told you to copy and paste something here to enable a Facebook feature or "hack" someone's account, it is a scam and will give them access to your Facebook account. font-family:helvetica; font-size:20px; ", source: https://static.xx.fbcdn.net/rsrc.php/v3/yY/r/0oK8vxwNu8I.js?_nc_x=Han_2RmaZuV (321)
[11188:25520:1127/010639.052:INFO:CONSOLE(321)] "
%cSee https://www.facebook.com/selfxss for more information. font-family:helvetica; font-size:20px; ", source: https://static.xx.fbcdn.net/rsrc.php/v3/yY/r/0oK8vxwNu8I.js?_nc_x=Han_2RmaZuV (321)
[11188:25520:1127/010639.052:INFO:CONSOLE(321)] "
%c ", source: https://static.xx.fbcdn.net/rsrc.php/v3/yY/r/0oK8vxwNu8I.js?_nc_x=Han_2RmaZuV (321)
[11188:25520:1127/010752.922:INFO:CONSOLE(321)] "
%cStop! font-family:helvetica; font-size:20px; font-size:50px; font-weight:bold; color:red; -webkit-text-stroke:1px black;", source: https://static.xx.fbcdn.net/rsrc.php/v3/yY/r/0oK8vxwNu8I.js?_nc_x=Han_2RmaZuV (321)
[11188:25520:1127/010752.922:INFO:CONSOLE(321)] "
%cThis is a browser feature intended for developers. If someone told you to copy and paste something here to enable a Facebook feature or "hack" someone's account, it is a scam and will give them access to your Facebook account. font-family:helvetica; font-size:20px; ", source: https://static.xx.fbcdn.net/rsrc.php/v3/yY/r/0oK8vxwNu8I.js?_nc_x=Han_2RmaZuV (321)
[11188:25520:1127/010752.922:INFO:CONSOLE(321)] "
%cSee https://www.facebook.com/selfxss for more information. font-family:helvetica; font-size:20px; ", source: https://static.xx.fbcdn.net/rsrc.php/v3/yY/r/0oK8vxwNu8I.js?_nc_x=Han_2RmaZuV (321)
[11188:25520:1127/010752.922:INFO:CONSOLE(321)] "
%c ", source: https://static.xx.fbcdn.net/rsrc.php/v3/yY/r/0oK8vxwNu8I.js?_nc_x=Han_2RmaZuV (321)
[11188:25520:1127/010754.307:WARNING:pref_notifier_impl.cc(40)] Pref observer for browser.relaunch_notification_period found at shutdown.
[11188:25520:1127/010754.307:WARNING:pref_notifier_impl.cc(40)] Pref observer for media_router.cast_allow_all_ips found at shutdown.
